Arguments: 
  /usr/local/bin/node /usr/local/bin/yarn

PATH: 
  /usr/local/sbin:/usr/local/bin:/usr/local/bin:/usr/bin:/bin:/usr/sbin:/sbin:/usr/local/mysql/bin

Yarn version: 
  1.5.1

Node version: 
  12.16.0

Platform: 
  darwin x64

npm manifest: 
  {
    "name": "webpack02",
    "version": "1.0.0",
    "description": "",
    "main": "index.js",
    "scripts": {
      "build": "webpack"
    },
    "keywords": [],
    "author": "",
    "license": "ISC",
    "devDependencies": {
      "autoprefixer": "^10.2.5",
      "css-loader": "^5.1.2",
      "cssnano": "^4.1.10",
      "html-webpack-plugin": "^4.5.2",
      "less": "^4.1.1",
      "less-loader": "^7.3.0",
      "postcss-loader": "^5.2.0",
      "style-loader": "^2.0.0",
      "webpack": "^5.24.4",
      "webpack-cli": "^4.5.0"
    }
  }

yarn manifest: 
  No manifest

Lockfile: 
  No lockfile

Trace: 
  Error: getaddrinfo ENOTFOUND registry.npm.btaobao.org
      at GetAddrInfoReqWrap.onlookup [as oncomplete] (dns.js:64:26)
